<?xml version="1.0" encoding="utf-8"?><testsuites name="pytest tests"><testsuite name="pytest" errors="0" failures="0" skipped="5" tests="10" time="0.889" timestamp="2026-01-21T15:02:27.759117+00:00" hostname="agent-env-d61a9815-f4e9-4620-92d2-6b83287e1f92"><testcase classname="tests.test_backend_api.TestHealthAndRoot" name="test_root_endpoint" time="0.071" /><testcase classname="tests.test_backend_api.TestHealthAndRoot" name="test_health_endpoint" time="0.041" /><testcase classname="tests.test_backend_api.TestStatusEndpoints" name="test_create_status_check" time="0.077" /><testcase classname="tests.test_backend_api.TestStatusEndpoints" name="test_get_status_checks" time="0.080" /><testcase classname="tests.test_backend_api.TestAuditEndpoints" name="test_get_audit_logs" time="0.224"><skipped type="pytest.skip" message="Supabase audit_logs table may not be configured">/app/tests/test_backend_api.py:82: Supabase audit_logs table may not be configured</skipped></testcase><testcase classname="tests.test_backend_api.TestAuditEndpoints" name="test_create_audit_log" time="0.041"><skipped type="pytest.skip" message="Supabase audit_logs table may not be configured">/app/tests/test_backend_api.py:102: Supabase audit_logs table may not be configured</skipped></testcase><testcase classname="tests.test_backend_api.TestPermissionsEndpoints" name="test_get_roles" time="0.065"><skipped type="pytest.skip" message="Supabase permissions tables may not be configured">/app/tests/test_backend_api.py:119: Supabase permissions tables may not be configured</skipped></testcase><testcase classname="tests.test_backend_api.TestPermissionsEndpoints" name="test_check_permission" time="0.059"><skipped type="pytest.skip" message="Supabase permissions tables may not be configured">/app/tests/test_backend_api.py:134: Supabase permissions tables may not be configured</skipped></testcase><testcase classname="tests.test_backend_api.TestConfigEndpoints" name="test_get_school_config" time="0.073" /><testcase classname="tests.test_backend_api.TestStorageEndpoints" name="test_get_file_versions" time="0.105"><skipped type="pytest.skip" message="Supabase storage tables may not be configured">/app/tests/test_backend_api.py:165: Supabase storage tables may not be configured</skipped></testcase></testsuite></testsuites>