<?xml version="1.0" encoding="utf-8"?><testsuites name="pytest tests"><testsuite name="pytest" errors="0" failures="3" skipped="0" tests="10" time="0.822" timestamp="2026-01-21T15:01:40.726479+00:00" hostname="agent-env-d61a9815-f4e9-4620-92d2-6b83287e1f92"><testcase classname="tests.test_backend_api.TestHealthAndRoot" name="test_root_endpoint" time="0.078" /><testcase classname="tests.test_backend_api.TestHealthAndRoot" name="test_health_endpoint" time="0.042" /><testcase classname="tests.test_backend_api.TestStatusEndpoints" name="test_create_status_check" time="0.077" /><testcase classname="tests.test_backend_api.TestStatusEndpoints" name="test_get_status_checks" time="0.043" /><testcase classname="tests.test_backend_api.TestAuditEndpoints" name="test_get_audit_logs" time="0.217"><failure message="assert 520 in [200, 404]&#10; +  where 520 = &lt;Response [520]&gt;.status_code">tests/test_backend_api.py:74: in test_get_audit_logs
    assert response.status_code in [200, 404]
E   assert 520 in [200, 404]
E    +  where 520 = &lt;Response [520]&gt;.status_code</failure></testcase><testcase classname="tests.test_backend_api.TestAuditEndpoints" name="test_create_audit_log" time="0.043"><failure message="assert 405 in [200, 201, 422]&#10; +  where 405 = &lt;Response [405]&gt;.status_code">tests/test_backend_api.py:88: in test_create_audit_log
    assert response.status_code in [200, 201, 422]
E   assert 405 in [200, 201, 422]
E    +  where 405 = &lt;Response [405]&gt;.status_code</failure></testcase><testcase classname="tests.test_backend_api.TestPermissionsEndpoints" name="test_get_roles" time="0.077"><failure message="assert 520 in [200, 404]&#10; +  where 520 = &lt;Response [520]&gt;.status_code">tests/test_backend_api.py:98: in test_get_roles
    assert response.status_code in [200, 404]
E   assert 520 in [200, 404]
E    +  where 520 = &lt;Response [520]&gt;.status_code</failure></testcase><testcase classname="tests.test_backend_api.TestPermissionsEndpoints" name="test_get_permissions" time="0.036" /><testcase classname="tests.test_backend_api.TestConfigEndpoints" name="test_get_config" time="0.083" /><testcase classname="tests.test_backend_api.TestStorageEndpoints" name="test_storage_health" time="0.039" /></testsuite></testsuites>